baiduSpeechRecognizerDemo/build/outputs/logs/manifest-merger-debug-report.txt
-- Merging decision tree log ---
manifest
ADDED from src\main\AndroidManifest.xml:1:1-118:12
INJECTED from src\main\AndroidManifest.xml:1:1-118:12
INJECTED from src\main\AndroidManifest.xml:1:1-118:12
INJECTED from src\main\AndroidManifest.xml:1:1-118:12
INJECTED from src\main\AndroidManifest.xml:1:1-118:12
INJECTED from src\main\AndroidManifest.xml:1:1-118:12
INJECTED from src\main\AndroidManifest.xml:1:1-118:12
	package
		ADDED from src\main\AndroidManifest.xml:2:5-46
		INJECTED from src\main\AndroidManifest.xml
		INJECTED from src\main\AndroidManifest.xml
	android:versionName
		ADDED from src\main\AndroidManifest.xml:4:5-30
		INJECTED from src\main\AndroidManifest.xml
		INJECTED from src\main\AndroidManifest.xml
	xmlns:android
		ADDED from src\main\AndroidManifest.xml:1:11-69
	android:versionCode
		ADDED from src\main\AndroidManifest.xml:3:5-28
		INJECTED from src\main\AndroidManifest.xml
		INJECTED from src\main\AndroidManifest.xml
uses-sdk
ADDED from src\main\AndroidManifest.xml:6:5-8:41
INJECTED from src\main\AndroidManifest.xml:6:5-8:41
INJECTED from src\main\AndroidManifest.xml:6:5-8:41
INJECTED from src\main\AndroidManifest.xml:6:5-8:41
INJECTED from src\main\AndroidManifest.xml:6:5-8:41
	android:targetSdkVersion
		ADDED from src\main\AndroidManifest.xml:8:9-38
		INJECTED from src\main\AndroidManifest.xml
		INJECTED from src\main\AndroidManifest.xml
	android:minSdkVersion
		ADDED from src\main\AndroidManifest.xml:7:9-35
		INJECTED from src\main\AndroidManifest.xml
		INJECTED from src\main\AndroidManifest.xml
instrumentation
ADDED from src\main\AndroidManifest.xml:10:5-13:73
	android:label
		ADDED from src\main\AndroidManifest.xml:13:13-70
	android:targetPackage
		ADDED from src\main\AndroidManifest.xml:12:13-68
	android:name
		ADDED from src\main\AndroidManifest.xml:11:13-66
uses-permission#android.permission.RECORD_AUDIO
ADDED from src\main\AndroidManifest.xml:15:5-71
	android:name
		ADDED from src\main\AndroidManifest.xml:15:22-68
uses-permission#android.permission.ACCESS_NETWORK_STATE
ADDED from src\main\AndroidManifest.xml:16:5-79
	android:name
		ADDED from src\main\AndroidManifest.xml:16:22-76
uses-permission#android.permission.INTERNET
ADDED from src\main\AndroidManifest.xml:17:5-67
	android:name
		ADDED from src\main\AndroidManifest.xml:17:22-64
uses-permission#android.permission.READ_PHONE_STATE
ADDED from src\main\AndroidManifest.xml:18:5-75
	android:name
		ADDED from src\main\AndroidManifest.xml:18:22-72
uses-permission#android.permission.WRITE_EXTERNAL_STORAGE
ADDED from src\main\AndroidManifest.xml:20:5-81
	android:name
		ADDED from src\main\AndroidManifest.xml:20:22-78
application
ADDED from src\main\AndroidManifest.xml:22:5-116:19
	android:label
		ADDED from src\main\AndroidManifest.xml:24:9-41
	android:icon
		ADDED from src\main\AndroidManifest.xml:23:9-45
meta-data#com.baidu.speech.APP_ID
ADDED from src\main\AndroidManifest.xml:37:9-84
	android:value
		ADDED from src\main\AndroidManifest.xml:37:59-82
	android:name
		ADDED from src\main\AndroidManifest.xml:37:20-58
meta-data#com.baidu.speech.API_KEY
ADDED from src\main\AndroidManifest.xml:38:9-102
	android:value
		ADDED from src\main\AndroidManifest.xml:38:60-100
	android:name
		ADDED from src\main\AndroidManifest.xml:38:20-59
meta-data#com.baidu.speech.SECRET_KEY
ADDED from src\main\AndroidManifest.xml:39:9-113
	android:value
		ADDED from src\main\AndroidManifest.xml:39:63-111
	android:name
		ADDED from src\main\AndroidManifest.xml:39:20-62
service#com.baidu.speech.VoiceRecognitionService
ADDED from src\main\AndroidManifest.xml:40:3-95
	android:exported
		ADDED from src\main\AndroidManifest.xml:40:68-92
	android:name
		ADDED from src\main\AndroidManifest.xml:40:12-67
activity#com.baidu.voicerecognition.android.ui.BaiduASRDigitalDialog
ADDED from src\main\AndroidManifest.xml:41:9-51:20
	android:screenOrientation
		ADDED from src\main\AndroidManifest.xml:46:17-53
	android:exported
		ADDED from src\main\AndroidManifest.xml:45:17-41
	android:configChanges
		ADDED from src\main\AndroidManifest.xml:43:17-80
	android:theme
		ADDED from src\main\AndroidManifest.xml:44:17-60
	android:name
		ADDED from src\main\AndroidManifest.xml:42:17-91
intent-filter#android.intent.category.DEFAULT+com.baidu.action.RECOGNIZE_SPEECH
ADDED from src\main\AndroidManifest.xml:47:13-50:29
action#com.baidu.action.RECOGNIZE_SPEECH
ADDED from src\main\AndroidManifest.xml:48:17-76
	android:name
		ADDED from src\main\AndroidManifest.xml:48:25-73
category#android.intent.category.DEFAULT
ADDED from src\main\AndroidManifest.xml:49:17-76
	android:name
		ADDED from src\main\AndroidManifest.xml:49:27-73
activity#com.baidu.android.voicedemo.ActivityMain
ADDED from src\main\AndroidManifest.xml:54:9-64:20
	android:screenOrientation
		ADDED from src\main\AndroidManifest.xml:58:17-53
	android:configChanges
		ADDED from src\main\AndroidManifest.xml:56:17-80
	android:theme
		ADDED from src\main\AndroidManifest.xml:57:17-73
	android:name
		ADDED from src\main\AndroidManifest.xml:55:17-72
intent-filter#android.intent.action.MAIN+android.intent.category.LAUNCHER
ADDED from src\main\AndroidManifest.xml:59:13-63:29
action#android.intent.action.MAIN
ADDED from src\main\AndroidManifest.xml:60:17-69
	android:name
		ADDED from src\main\AndroidManifest.xml:60:25-66
category#android.intent.category.LAUNCHER
ADDED from src\main\AndroidManifest.xml:62:17-77
	android:name
		ADDED from src\main\AndroidManifest.xml:62:27-74
activity#com.baidu.android.voicedemo.ApiActivity
ADDED from src\main\AndroidManifest.xml:65:9-76:20
	android:screenOrientation
		ADDED from src\main\AndroidManifest.xml:70:17-53
	android:label
		ADDED from src\main\AndroidManifest.xml:67:17-49
	android:configChanges
		ADDED from src\main\AndroidManifest.xml:68:17-80
	android:theme
		ADDED from src\main\AndroidManifest.xml:69:17-73
	android:name
		ADDED from src\main\AndroidManifest.xml:66:17-71
intent-filter#android.intent.action.MAIN+com.baidu.speech.recognizerdemo.intent.category.SAMPLE_CODE
ADDED from src\main\AndroidManifest.xml:71:13-75:29
category#com.baidu.speech.recognizerdemo.intent.category.SAMPLE_CODE
ADDED from src\main\AndroidManifest.xml:74:17-104
	android:name
		ADDED from src\main\AndroidManifest.xml:74:27-101
activity#com.baidu.android.voicedemo.ActivityWakeUp
ADDED from src\main\AndroidManifest.xml:77:9-88:20
	android:screenOrientation
		ADDED from src\main\AndroidManifest.xml:82:13-49
	android:label
		ADDED from src\main\AndroidManifest.xml:79:13-33
	android:configChanges
		ADDED from src\main\AndroidManifest.xml:80:13-76
	android:theme
		ADDED from src\main\AndroidManifest.xml:81:13-69
	android:name
		ADDED from src\main\AndroidManifest.xml:78:13-70
activity#com.baidu.android.voicedemo.ActivityOffline
ADDED from src\main\AndroidManifest.xml:89:9-100:20
	android:screenOrientation
		ADDED from src\main\AndroidManifest.xml:94:13-49
	android:label
		ADDED from src\main\AndroidManifest.xml:91:13-33
	android:configChanges
		ADDED from src\main\AndroidManifest.xml:92:13-76
	android:theme
		ADDED from src\main\AndroidManifest.xml:93:13-69
	android:name
		ADDED from src\main\AndroidManifest.xml:90:13-71
activity#com.baidu.android.voicedemo.Setting
ADDED from src\main\AndroidManifest.xml:102:9-112:20
	android:screenOrientation
		ADDED from src\main\AndroidManifest.xml:107:13-49
	android:label
		ADDED from src\main\AndroidManifest.xml:104:13-31
	android:configChanges
		ADDED from src\main\AndroidManifest.xml:105:13-76
	android:theme
		ADDED from src\main\AndroidManifest.xml:106:13-69
	android:name
		ADDED from src\main\AndroidManifest.xml:103:13-63
intent-filter#android.intent.category.DEFAULT+com.baidu.speech.asr.demo.setting
ADDED from src\main\AndroidManifest.xml:108:13-111:29
action#com.baidu.speech.asr.demo.setting
ADDED from src\main\AndroidManifest.xml:109:17-76
	android:name
		ADDED from src\main\AndroidManifest.xml:109:25-73
uses-library#android.test.runner
ADDED from src\main\AndroidManifest.xml:115:9-60
	android:name
		ADDED from src\main\AndroidManifest.xml:115:23-57